<?xml version="1.0" encoding="UTF-8"?>
<testng-results skipped="0" failed="1" total="2" passed="1">
  <reporter-output>
  </reporter-output>
  <suite name="Default suite" duration-ms="12990" started-at="2018-10-03T18:20:52Z" finished-at="2018-10-03T18:21:05Z">
    <groups>
    </groups>
    <test name="Default test" duration-ms="12990" started-at="2018-10-03T18:20:52Z" finished-at="2018-10-03T18:21:05Z">
      <class name="com.TestNG.Practise.AnnotationTestNG">
        <test-method status="PASS" signature="setup()[pri:0, instance:com.TestNG.Practise.AnnotationTestNG@7dc7cbad]" name="setup" is-config="true" duration-ms="6168" started-at="2018-10-03T22:20:52Z" finished-at="2018-10-03T22:20:59Z">
          <reporter-output>
          </reporter-output>
        </test-method> <!-- setup -->
        <test-method status="FAIL" signature="googleLogoTest()[pri:0, instance:com.TestNG.Practise.AnnotationTestNG@7dc7cbad]" name="googleLogoTest" duration-ms="57" started-at="2018-10-03T22:20:59Z" finished-at="2018-10-03T22:20:59Z">
          <exception class="junit.framework.AssertionFailedError">
            <message>
              <![CDATA[expected:<false> but was:<true>]]>
            </message>
            <full-stacktrace>
              <![CDATA[junit.framework.AssertionFailedError: expected:<false> but was:<true>
	at junit.framework.Assert.fail(Assert.java:50)
	at junit.framework.Assert.failNotEquals(Assert.java:287)
	at junit.framework.Assert.assertEquals(Assert.java:67)
	at junit.framework.Assert.assertEquals(Assert.java:147)
	at junit.framework.Assert.assertEquals(Assert.java:153)
	at com.TestNG.Practise.AnnotationTestNG.googleLogoTest(AnnotationTestNG.java:41)
	at sun.reflect.NativeMethodAccessorImpl.invoke0(Native Method)
	at sun.reflect.NativeMethodAccessorImpl.invoke(NativeMethodAccessorImpl.java:62)
	at sun.reflect.DelegatingMethodAccessorImpl.invoke(DelegatingMethodAccessorImpl.java:43)
	at java.lang.reflect.Method.invoke(Method.java:498)
	at org.testng.internal.MethodInvocationHelper.invokeMethod(MethodInvocationHelper.java:80)
	at org.testng.internal.Invoker.invokeMethod(Invoker.java:714)
	at org.testng.internal.Invoker.invokeTestMethod(Invoker.java:901)
	at org.testng.internal.Invoker.invokeTestMethods(Invoker.java:1231)
	at org.testng.internal.TestMethodWorker.invokeTestMethods(TestMethodWorker.java:127)
	at org.testng.internal.TestMethodWorker.run(TestMethodWorker.java:111)
	at org.testng.TestRunner.privateRun(TestRunner.java:767)
	at org.testng.TestRunner.run(TestRunner.java:617)
	at org.testng.SuiteRunner.runTest(SuiteRunner.java:334)
	at org.testng.SuiteRunner.runSequentially(SuiteRunner.java:329)
	at org.testng.SuiteRunner.privateRun(SuiteRunner.java:291)
	at org.testng.SuiteRunner.run(SuiteRunner.java:240)
	at org.testng.SuiteRunnerWorker.runSuite(SuiteRunnerWorker.java:52)
	at org.testng.SuiteRunnerWorker.run(SuiteRunnerWorker.java:86)
	at org.testng.TestNG.runSuitesSequentially(TestNG.java:1198)
	at org.testng.TestNG.runSuitesLocally(TestNG.java:1123)
	at org.testng.TestNG.run(TestNG.java:1031)
	at org.testng.remote.AbstractRemoteTestNG.run(AbstractRemoteTestNG.java:114)
	at org.testng.remote.RemoteTestNG.initAndRun(RemoteTestNG.java:251)
	at org.testng.remote.RemoteTestNG.main(RemoteTestNG.java:77)
]]>
            </full-stacktrace>
          </exception> <!-- junit.framework.AssertionFailedError -->
          <reporter-output>
          </reporter-output>
        </test-method> <!-- googleLogoTest -->
        <test-method status="PASS" signature="tearDown()[pri:0, instance:com.TestNG.Practise.AnnotationTestNG@7dc7cbad]" name="tearDown" is-config="true" duration-ms="852" started-at="2018-10-03T22:20:59Z" finished-at="2018-10-03T22:21:00Z">
          <reporter-output>
          </reporter-output>
        </test-method> <!-- tearDown -->
        <test-method status="PASS" signature="setup()[pri:0, instance:com.TestNG.Practise.AnnotationTestNG@7dc7cbad]" name="setup" is-config="true" duration-ms="5024" started-at="2018-10-03T22:21:00Z" finished-at="2018-10-03T22:21:05Z">
          <reporter-output>
          </reporter-output>
        </test-method> <!-- setup -->
        <test-method status="PASS" signature="googleTitleTest()[pri:0, instance:com.TestNG.Practise.AnnotationTestNG@7dc7cbad]" name="googleTitleTest" duration-ms="9" started-at="2018-10-03T22:21:05Z" finished-at="2018-10-03T22:21:05Z">
          <reporter-output>
          </reporter-output>
        </test-method> <!-- googleTitleTest -->
        <test-method status="PASS" signature="tearDown()[pri:0, instance:com.TestNG.Practise.AnnotationTestNG@7dc7cbad]" name="tearDown" is-config="true" duration-ms="857" started-at="2018-10-03T22:21:05Z" finished-at="2018-10-03T22:21:05Z">
          <reporter-output>
          </reporter-output>
        </test-method> <!-- tearDown -->
      </class> <!-- com.TestNG.Practise.AnnotationTestNG -->
    </test> <!-- Default test -->
  </suite> <!-- Default suite -->
</testng-results>
